<?xml version="1.0" encoding="UTF-8"?>
<!-- Generated by org.testng.reporters.JUnitReportReporter -->
<testsuite skipped="0" hostname="Ethereal-13" name="test.MovieDBConnectionTest" tests="1" failures="0" timestamp="06 Apr 2018 16:38:10 GMT" time="1.698" errors="0">
  <testcase name="checkXboxOnePrice" time="1.698" classname="test.MovieDBConnectionTest"/>
</testsuite> <!-- test.MovieDBConnectionTest -->
