<?xml version="1.0" encoding="UTF-8"?>
<!-- Generated by org.testng.reporters.JUnitReportReporter -->
<testsuite skipped="0" hostname="Ethereal-13" name="test.java.MovieDbSearchTest" tests="1" failures="0" timestamp="09 Apr 2018 03:55:33 GMT" time="1.927" errors="0">
  <testcase name="searchForMovieTest" time="1.927" classname="test.java.MovieDbSearchTest"/>
</testsuite> <!-- test.java.MovieDbSearchTest -->
