<?xml version="1.0" encoding="UTF-8"?>
<!-- Generated by org.testng.reporters.JUnitReportReporter -->
<testsuite skipped="0" hostname="Ethereal-13" name="test.java.MovieDbConnectionTest" tests="2" failures="0" timestamp="09 Apr 2018 04:33:28 GMT" time="4.734" errors="0">
  <testcase name="getNewTokenTest" time="2.375" classname="test.java.MovieDbConnectionTest"/>
  <testcase name="checkConnectionTest" time="2.359" classname="test.java.MovieDbConnectionTest"/>
</testsuite> <!-- test.java.MovieDbConnectionTest -->
