<?xml version="1.0" encoding="UTF-8"?>
<!-- Generated by org.testng.reporters.JUnitReportReporter -->
<testsuite skipped="0" hostname="Ethereal-13" name="test.java.MovieDbSearchTest" tests="6" failures="0" timestamp="09 Apr 2018 23:04:34 GMT" time="12.064" errors="0">
  <testcase name="searchForMovieBadTerm" time="2.216" classname="test.java.MovieDbSearchTest"/>
  <testcase name="searchForMovieNoTerm" time="1.900" classname="test.java.MovieDbSearchTest"/>
  <testcase name="searchForMovieTest" time="1.916" classname="test.java.MovieDbSearchTest"/>
  <testcase name="searchForTvBadTerm" time="2.216" classname="test.java.MovieDbSearchTest"/>
  <testcase name="searchForTvNoTerm" time="1.900" classname="test.java.MovieDbSearchTest"/>
  <testcase name="searchForTvTest" time="1.916" classname="test.java.MovieDbSearchTest"/>
</testsuite> <!-- test.java.MovieDbSearchTest -->
