<?xml version="1.0" encoding="UTF-8"?>
<!-- Generated by org.testng.reporters.JUnitReportReporter -->
<testsuite skipped="0" hostname="Ethereal-13" name="test.java.MovieDbConnectionTest" tests="2" failures="0" timestamp="09 Apr 2018 23:04:34 GMT" time="4.456" errors="0">
  <testcase name="getNewTokenTest" time="2.240" classname="test.java.MovieDbConnectionTest"/>
  <testcase name="checkConnectionTest" time="2.216" classname="test.java.MovieDbConnectionTest"/>
</testsuite> <!-- test.java.MovieDbConnectionTest -->
