<?xml version="1.0" encoding="UTF-8"?>
<!-- Generated by org.testng.reporters.JUnitReportReporter -->
<testsuite skipped="0" hostname="Ethereal-13" name="test.java.MovieDbSearchTest" tests="6" failures="0" timestamp="09 Apr 2018 04:33:28 GMT" time="13.062" errors="0">
  <testcase name="searchForMovieTest" time="2.094" classname="test.java.MovieDbSearchTest"/>
  <testcase name="searchForMovieNoTerm" time="2.078" classname="test.java.MovieDbSearchTest"/>
  <testcase name="searchForTvNoTerm" time="2.078" classname="test.java.MovieDbSearchTest"/>
  <testcase name="searchForTvTest" time="2.094" classname="test.java.MovieDbSearchTest"/>
  <testcase name="searchForTvBadTerm" time="2.359" classname="test.java.MovieDbSearchTest"/>
  <testcase name="searchForMovieBadTerm" time="2.359" classname="test.java.MovieDbSearchTest"/>
</testsuite> <!-- test.java.MovieDbSearchTest -->
