<?xml version="1.0" encoding="UTF-8"?>
<!-- Generated by org.testng.reporters.JUnitReportReporter -->
<<<<<<< HEAD
<testsuite skipped="0" hostname="Ethereal-13" name="test.java.MovieDbConnectionTest" tests="2" failures="2" timestamp="12 Apr 2018 02:36:32 GMT" time="4.423" errors="0">
  <testcase name="getNewTokenTest" time="2.223" classname="test.java.MovieDbConnectionTest">
    <failure type="java.lang.AssertionError" message="Request Failed: Correct Status Code received expected [200] but found [401]">
      <![CDATA[java.lang.AssertionError: Request Failed: Correct Status Code received expected [200] but found [401]
at org.testng.Assert.fail(Assert.java:96)
at org.testng.Assert.failNotEquals(Assert.java:776)
at org.testng.Assert.assertEqualsImpl(Assert.java:137)
at org.testng.Assert.assertEquals(Assert.java:118)
at org.testng.Assert.assertEquals(Assert.java:652)
at test.resources.MovieDbConnectionHelper.getToken(MovieDbConnectionHelper.java:35)
at test.java.MovieDbConnectionTest.getNewTokenTest(MovieDbConnectionTest.java:28)
at sun.reflect.NativeMethodAccessorImpl.invoke0(Native Method)
at sun.reflect.NativeMethodAccessorImpl.invoke(NativeMethodAccessorImpl.java:62)
at sun.reflect.DelegatingMethodAccessorImpl.invoke(DelegatingMethodAccessorImpl.java:43)
at java.lang.reflect.Method.invoke(Method.java:498)
at org.testng.internal.MethodInvocationHelper.invokeMethod(MethodInvocationHelper.java:124)
at org.testng.internal.Invoker.invokeMethod(Invoker.java:580)
at org.testng.internal.Invoker.invokeTestMethod(Invoker.java:716)
at org.testng.internal.Invoker.invokeTestMethods(Invoker.java:988)
at org.testng.internal.TestMethodWorker.invokeTestMethods(TestMethodWorker.java:125)
at org.testng.internal.TestMethodWorker.run(TestMethodWorker.java:109)
at java.util.concurrent.ThreadPoolExecutor.runWorker(ThreadPoolExecutor.java:1149)
at java.util.concurrent.ThreadPoolExecutor$Worker.run(ThreadPoolExecutor.java:624)
at java.lang.Thread.run(Thread.java:748)
]]>
    </failure>
  </testcase> <!-- getNewTokenTest -->
  <testcase name="checkConnectionTest" time="2.200" classname="test.java.MovieDbConnectionTest">
    <failure type="java.lang.AssertionError" message="Request Failed: Correct Status Code received expected [200] but found [401]">
      <![CDATA[java.lang.AssertionError: Request Failed: Correct Status Code received expected [200] but found [401]
at org.testng.Assert.fail(Assert.java:96)
at org.testng.Assert.failNotEquals(Assert.java:776)
at org.testng.Assert.assertEqualsImpl(Assert.java:137)
at org.testng.Assert.assertEquals(Assert.java:118)
at org.testng.Assert.assertEquals(Assert.java:652)
at test.java.MovieDbConnectionTest.checkConnectionTest(MovieDbConnectionTest.java:22)
at sun.reflect.NativeMethodAccessorImpl.invoke0(Native Method)
at sun.reflect.NativeMethodAccessorImpl.invoke(NativeMethodAccessorImpl.java:62)
at sun.reflect.DelegatingMethodAccessorImpl.invoke(DelegatingMethodAccessorImpl.java:43)
at java.lang.reflect.Method.invoke(Method.java:498)
at org.testng.internal.MethodInvocationHelper.invokeMethod(MethodInvocationHelper.java:124)
at org.testng.internal.Invoker.invokeMethod(Invoker.java:580)
at org.testng.internal.Invoker.invokeTestMethod(Invoker.java:716)
at org.testng.internal.Invoker.invokeTestMethods(Invoker.java:988)
at org.testng.internal.TestMethodWorker.invokeTestMethods(TestMethodWorker.java:125)
at org.testng.internal.TestMethodWorker.run(TestMethodWorker.java:109)
at java.util.concurrent.ThreadPoolExecutor.runWorker(ThreadPoolExecutor.java:1149)
at java.util.concurrent.ThreadPoolExecutor$Worker.run(ThreadPoolExecutor.java:624)
at java.lang.Thread.run(Thread.java:748)
]]>
    </failure>
  </testcase> <!-- checkConnectionTest -->
=======
<testsuite skipped="0" hostname="Ethereal-13" name="test.java.MovieDbConnectionTest" tests="2" failures="0" timestamp="09 Apr 2018 23:04:34 GMT" time="4.456" errors="0">
  <testcase name="getNewTokenTest" time="2.240" classname="test.java.MovieDbConnectionTest"/>
  <testcase name="checkConnectionTest" time="2.216" classname="test.java.MovieDbConnectionTest"/>
>>>>>>> 47e1220d64abe26670ff3cf9b5e75077e6ef4174
</testsuite> <!-- test.java.MovieDbConnectionTest -->
